<?xml version="1.0" encoding="UTF-8"?>
<!-- Generated by org.testng.reporters.JUnitReportReporter -->
<testsuite hostname="DESKTOP-9GL3C6H" failures="0" tests="4" name="testNG.Dependency" time="0.010" errors="0" timestamp="2022-10-12T20:42:25 IST" skipped="0">
  <testcase classname="testNG.Dependency" name="noMoney" time="0.001"/>
  <system-out>
    <![CDATA[No money]]>
  </system-out>
  <testcase classname="testNG.Dependency" name="haveMoney" time="0.001"/>
  <system-out/>
  <testcase classname="testNG.Dependency" name="depositMoney" time="0.008"/>
  <system-out>
    <![CDATA[In Account=10.00]]>
  </system-out>
  <testcase classname="testNG.Dependency" name="buyBanana" time="0.000"/>
  <system-out/>
</testsuite> <!-- testNG.Dependency -->
