<?xml version="1.0" encoding="UTF-8"?>
<!-- Generated by org.testng.reporters.JUnitReportReporter -->
<testsuite hostname="DESKTOP-9GL3C6H" failures="0" tests="3" name="testNG.Parallel" time="22.365" errors="0" timestamp="2022-08-22T20:10:57 IST" skipped="0">
  <testcase classname="testNG.Parallel" name="openWhatsapp" time="9.211"/>
  <system-out/>
  <testcase classname="testNG.Parallel" name="openGoogle" time="4.508"/>
  <system-out/>
  <testcase classname="testNG.Parallel" name="openYoutube" time="8.646"/>
  <system-out/>
</testsuite> <!-- testNG.Parallel -->
