<?xml version="1.0" encoding="UTF-8"?>
<!-- Generated by org.testng.reporters.JUnitReportReporter -->
<testsuite hostname="DESKTOP-9GL3C6H" failures="0" tests="5" name="testNG.Grouping" time="0.016" errors="0" timestamp="2022-10-12T21:06:36 IST" skipped="0">
  <testcase classname="testNG.Grouping" name="orangeJuice" time="0.001"/>
  <system-out/>
  <testcase classname="testNG.Grouping" name="appleJuice" time="0.011"/>
  <system-out/>
  <testcase classname="testNG.Grouping" name="bananaJuice" time="0.002"/>
  <system-out/>
  <testcase classname="testNG.Grouping" name="fruitmix" time="0.001"/>
  <system-out/>
  <testcase classname="testNG.Grouping" name="jackfruit" time="0.001"/>
  <system-out/>
</testsuite> <!-- testNG.Grouping -->
