<?xml version="1.0" encoding="UTF-8"?>
<!-- Generated by org.testng.reporters.JUnitReportReporter -->
<testsuite hostname="DESKTOP-9GL3C6H" failures="0" tests="8" name="com.gcrshop.AdminPage" time="5.142" errors="0" timestamp="2022-09-12T20:03:31 IST" skipped="6">
  <testcase classname="com.gcrshop.AdminPage" name="manufacture" time="3.966"/>
  <system-out/>
  <testcase classname="com.gcrshop.AdminPage" name="deleteManufacture" time="1.176"/>
  <system-out/>
  <testcase classname="com.gcrshop.AdminPage" name="goToURL">
    <skipped/>
  </testcase> <!-- goToURL -->
  <system-out/>
  <testcase classname="com.gcrshop.AdminPage" name="editManufacture">
    <skipped/>
  </testcase> <!-- editManufacture -->
  <system-out/>
  <testcase classname="com.gcrshop.AdminPage" name="insertManufacture">
    <skipped/>
  </testcase> <!-- insertManufacture -->
  <system-out/>
  <testcase classname="com.gcrshop.AdminPage" name="verifyElement">
    <skipped/>
  </testcase> <!-- verifyElement -->
  <system-out/>
  <testcase classname="com.gcrshop.AdminPage" name="redirectToUser">
    <skipped/>
  </testcase> <!-- redirectToUser -->
  <system-out/>
  <testcase classname="com.gcrshop.AdminPage" name="loginTestCase">
    <skipped/>
  </testcase> <!-- loginTestCase -->
  <system-out/>
</testsuite> <!-- com.gcrshop.AdminPage -->
