<?xml version="1.0" encoding="UTF-8"?>
<!-- Generated by org.testng.reporters.JUnitReportReporter -->
<testsuite hostname="DESKTOP-9GL3C6H" failures="0" tests="1" name="testNG.Parameter" time="0.015" errors="0" timestamp="2022-10-20T20:14:28 IST" skipped="0">
  <testcase classname="testNG.Parameter" name="giveAddress" time="0.015"/>
  <system-out/>
</testsuite> <!-- testNG.Parameter -->
