<?xml version="1.0" encoding="UTF-8"?>
<!-- Generated by org.testng.reporters.JUnitReportReporter -->
<testsuite hostname="DESKTOP-9GL3C6H" failures="0" tests="3" name="testNG.GothrourghTestNG" time="12.837" errors="0" timestamp="2022-11-01T22:04:55 IST" skipped="0">
  <testcase classname="testNG.GothrourghTestNG" name="openWhatsappweb" time="3.777"/>
  <system-out/>
  <testcase classname="testNG.GothrourghTestNG" name="openyoutube" time="7.309"/>
  <system-out/>
  <testcase classname="testNG.GothrourghTestNG" name="openGoogle" time="1.751"/>
  <system-out/>
</testsuite> <!-- testNG.GothrourghTestNG -->
