<?xml version="1.0" encoding="UTF-8"?>
<!-- Generated by org.testng.reporters.JUnitReportReporter -->
<testsuite hostname="DESKTOP-9GL3C6H" failures="0" tests="1" name="testNG.Annotation" time="0.011" errors="0" timestamp="2022-08-22T22:12:29 IST" skipped="0">
  <testcase classname="testNG.Annotation" name="test" time="0.011"/>
  <system-out/>
</testsuite> <!-- testNG.Annotation -->
