<?xml version="1.0" encoding="UTF-8"?>
<!-- Generated by org.testng.reporters.JUnitReportReporter -->
<testsuite hostname="DESKTOP-9GL3C6H" failures="0" tests="1" name="testNG.LoginTest" time="3.008" errors="0" timestamp="2022-08-23T20:46:29 IST" skipped="0">
  <testcase classname="testNG.LoginTest" name="logInTest" time="3.008"/>
  <system-out/>
</testsuite> <!-- testNG.LoginTest -->
