<?xml version="1.0" encoding="UTF-8"?>
<!-- Generated by org.testng.reporters.JUnitReportReporter -->
<testsuite hostname="DESKTOP-9GL3C6H" failures="0" tests="12" name="testNG.SwagLabs" time="85.238" errors="0" timestamp="2022-08-28T12:34:42 IST" skipped="0">
  <testcase classname="testNG.SwagLabs" name="loginSwagLabs" time="6.267"/>
  <system-out/>
  <testcase classname="testNG.SwagLabs" name="loginSwagLabs" time="6.271"/>
  <system-out/>
  <testcase classname="testNG.SwagLabs" name="loginSwagLabs" time="6.256"/>
  <system-out/>
  <testcase classname="testNG.SwagLabs" name="loginSwagLabs" time="6.254"/>
  <system-out/>
  <testcase classname="testNG.SwagLabs" name="loginSwagLabs" time="6.252"/>
  <system-out/>
  <testcase classname="testNG.SwagLabs" name="loginSwagLabs" time="6.263"/>
  <system-out/>
  <testcase classname="testNG.SwagLabs" name="loginSwagLabs" time="6.272"/>
  <system-out/>
  <testcase classname="testNG.SwagLabs" name="loginSwagLabs" time="11.272"/>
  <system-out/>
  <testcase classname="testNG.SwagLabs" name="loginSwagLabs" time="6.355"/>
  <system-out/>
  <testcase classname="testNG.SwagLabs" name="loginSwagLabs" time="11.263"/>
  <system-out/>
  <testcase classname="testNG.SwagLabs" name="loginSwagLabs" time="6.249"/>
  <system-out/>
  <testcase classname="testNG.SwagLabs" name="loginSwagLabs" time="6.264"/>
  <system-out/>
</testsuite> <!-- testNG.SwagLabs -->
