<?xml version="1.0" encoding="UTF-8"?>
<!-- Generated by org.testng.reporters.JUnitReportReporter -->
<testsuite hostname="DESKTOP-9GL3C6H" failures="0" tests="3" name="testNG.Parallel" time="22.493" errors="0" timestamp="2022-10-20T20:28:33 IST" skipped="0">
  <testcase classname="testNG.Parallel" name="openWhatsapp" time="7.252"/>
  <system-out/>
  <testcase classname="testNG.Parallel" name="openYoutube" time="6.987"/>
  <system-out/>
  <testcase classname="testNG.Parallel" name="openGoogle" time="8.254"/>
  <system-out/>
</testsuite> <!-- testNG.Parallel -->
