<?xml version="1.0" encoding="UTF-8"?>
<!-- Generated by org.testng.reporters.JUnitReportReporter -->
<testsuite hostname="DESKTOP-9GL3C6H" failures="0" tests="5" name="testNG.Sample" time="0.018" errors="0" timestamp="2022-10-13T19:39:47 IST" skipped="1">
  <testcase classname="testNG.Sample" name="name" time="0.013"/>
  <system-out/>
  <testcase classname="testNG.Sample" name="id" time="0.002"/>
  <system-out/>
  <testcase classname="testNG.Sample" name="fatherName" time="0.001"/>
  <system-out/>
  <testcase classname="testNG.Sample" name="address" time="0.002"/>
  <system-out/>
  <testcase classname="testNG.Sample" name="bikeNo">
    <skipped/>
  </testcase> <!-- bikeNo -->
  <system-out/>
</testsuite> <!-- testNG.Sample -->
