<?xml version="1.0" encoding="UTF-8"?>
<!-- Generated by org.testng.reporters.JUnitReportReporter -->
<testsuite hostname="DESKTOP-9GL3C6H" failures="0" tests="1" name="testNG.Test1" time="0.013" errors="0" timestamp="2022-10-12T21:13:38 IST" skipped="0">
  <testcase classname="testNG.Test1" name="seetheStore" time="0.013"/>
  <system-out>
    <![CDATA[See the Facebook Stroy]]>
  </system-out>
</testsuite> <!-- testNG.Test1 -->
